04/06/16 2:54:25 PM ==> REQUEST
04/06/16 2:54:25 PM ==> Method: GET, RequestUri: 'https://graph.microsoft.com/v1.0/me/mailFolders', Version: 1.1, Content: <null>, Headers:
{
  SdkVersion: graph-dotnet-1.0.0
}
04/06/16 2:54:27 PM ==> REQUEST
04/06/16 2:54:27 PM ==> Method: GET, RequestUri: 'https://graph.microsoft.com/v1.0/me/mailFolders/AAMkADY0OTQxMzMzLTBmOWQtNGU2NS04ZTgwLTExMDBhMTBiMTBkMwAuAAAAAABCJnx64O-AQY5A4ABM_3lEAQAHnqTXS9fSRp2ES0AEnFmSAACSbek7AAA=/messages', Version: 1.1, Content: <null>, Headers:
{
  SdkVersion: graph-dotnet-1.0.0
}
04/06/16 3:27:45 PM ==> REQUEST
04/06/16 3:27:45 PM ==> Method: GET, RequestUri: 'https://graph.microsoft.com/v1.0/me/mailFolders', Version: 1.1, Content: <null>, Headers:
{
  SdkVersion: graph-dotnet-1.0.0
}
04/07/16 4:53:15 PM ==> REQUEST
04/07/16 4:53:15 PM ==> Method: GET, RequestUri: 'https://graph.microsoft.com/v1.0/me/mailFolders', Version: 1.1, Content: <null>, Headers:
{
  SdkVersion: graph-dotnet-1.0.0
}
04/07/16 4:53:19 PM ==> REQUEST
04/07/16 4:53:19 PM ==> Method: GET, RequestUri: 'https://graph.microsoft.com/v1.0/me/mailFolders/AAMkADY0OTQxMzMzLTBmOWQtNGU2NS04ZTgwLTExMDBhMTBiMTBkMwAuAAAAAABCJnx64O-AQY5A4ABM_3lEAQAHnqTXS9fSRp2ES0AEnFmSAAAAAAEMAAA=/messages', Version: 1.1, Content: <null>, Headers:
{
  SdkVersion: graph-dotnet-1.0.0
}
04/08/16 1:06:54 AM ==> REQUEST
04/08/16 1:07:01 AM ==> Method: GET, RequestUri: 'https://graph.microsoft.com/v1.0/me/mailFolders', Version: 1.1, Content: <null>, Headers:
{
  SdkVersion: graph-dotnet-1.0.0
}
04/08/16 1:07:18 AM ==> REQUEST
04/08/16 1:07:18 AM ==> Method: GET, RequestUri: 'https://graph.microsoft.com/v1.0/me/mailFolders/AAMkADY0OTQxMzMzLTBmOWQtNGU2NS04ZTgwLTExMDBhMTBiMTBkMwAuAAAAAABCJnx64O-AQY5A4ABM_3lEAQAHnqTXS9fSRp2ES0AEnFmSAAAAAAEMAAA=/messages', Version: 1.1, Content: <null>, Headers:
{
  SdkVersion: graph-dotnet-1.0.0
}
04/08/16 1:09:50 AM ==> REQUEST
04/08/16 1:09:50 AM ==> Method: GET, RequestUri: 'https://graph.microsoft.com/v1.0/me/mailFolders', Version: 1.1, Content: <null>, Headers:
{
  SdkVersion: graph-dotnet-1.0.0
}
04/08/16 1:09:52 AM ==> REQUEST
04/08/16 1:09:52 AM ==> Method: GET, RequestUri: 'https://graph.microsoft.com/v1.0/me/mailFolders/AAMkADY0OTQxMzMzLTBmOWQtNGU2NS04ZTgwLTExMDBhMTBiMTBkMwAuAAAAAABCJnx64O-AQY5A4ABM_3lEAQAHnqTXS9fSRp2ES0AEnFmSAACSbek7AAA=/messages', Version: 1.1, Content: <null>, Headers:
{
  SdkVersion: graph-dotnet-1.0.0
}
04/08/16 1:09:55 AM ==> REQUEST
04/08/16 1:09:55 AM ==> Method: GET, RequestUri: 'https://graph.microsoft.com/v1.0/me/mailFolders/AAMkADY0OTQxMzMzLTBmOWQtNGU2NS04ZTgwLTExMDBhMTBiMTBkMwAuAAAAAABCJnx64O-AQY5A4ABM_3lEAQAHnqTXS9fSRp2ES0AEnFmSAAAAAAEMAAA=/messages', Version: 1.1, Content: <null>, Headers:
{
  SdkVersion: graph-dotnet-1.0.0
}
04/08/16 1:12:30 AM ==> REQUEST
04/08/16 1:12:30 AM ==> Method: GET, RequestUri: 'https://graph.microsoft.com/v1.0/me/mailFolders', Version: 1.1, Content: <null>, Headers:
{
  SdkVersion: graph-dotnet-1.0.0
}
04/08/16 1:12:33 AM ==> REQUEST
04/08/16 1:12:33 AM ==> Method: GET, RequestUri: 'https://graph.microsoft.com/v1.0/me/mailFolders/AAMkADY0OTQxMzMzLTBmOWQtNGU2NS04ZTgwLTExMDBhMTBiMTBkMwAuAAAAAABCJnx64O-AQY5A4ABM_3lEAQAHnqTXS9fSRp2ES0AEnFmSAAAAAAEMAAA=/messages', Version: 1.1, Content: <null>, Headers:
{
  SdkVersion: graph-dotnet-1.0.0
}
04/08/16 1:22:41 AM ==> REQUEST
04/08/16 1:22:41 AM ==> Method: GET, RequestUri: 'https://graph.microsoft.com/v1.0/me/events', Version: 1.1, Content: <null>, Headers:
{
  SdkVersion: graph-dotnet-1.0.0
}
04/08/16 1:27:18 AM ==> REQUEST
04/08/16 1:27:18 AM ==> Method: GET, RequestUri: 'https://graph.microsoft.com/v1.0/me/mailFolders', Version: 1.1, Content: <null>, Headers:
{
  SdkVersion: graph-dotnet-1.0.0
}
04/08/16 1:27:22 AM ==> REQUEST
04/08/16 1:27:22 AM ==> Method: GET, RequestUri: 'https://graph.microsoft.com/v1.0/me/mailFolders/AAMkADY0OTQxMzMzLTBmOWQtNGU2NS04ZTgwLTExMDBhMTBiMTBkMwAuAAAAAABCJnx64O-AQY5A4ABM_3lEAQAHnqTXS9fSRp2ES0AEnFmSAAAAAAEMAAA=/messages', Version: 1.1, Content: <null>, Headers:
{
  SdkVersion: graph-dotnet-1.0.0
}
04/08/16 1:34:20 AM ==> REQUEST
04/08/16 1:34:20 AM ==> Method: GET, RequestUri: 'https://graph.microsoft.com/v1.0/me/events', Version: 1.1, Content: <null>, Headers:
{
  SdkVersion: graph-dotnet-1.0.0
}
04/08/16 1:37:14 AM ==> REQUEST
04/08/16 1:37:14 AM ==> Method: GET, RequestUri: 'https://graph.microsoft.com/v1.0/me/events', Version: 1.1, Content: <null>, Headers:
{
  SdkVersion: graph-dotnet-1.0.0
}
